<?xml version="1.0" encoding="UTF-8"?>
<Site BuildName="(empty)"
	BuildStamp="20260131-0852-Experimental"
	Name="(empty)"
	Generator="ctest-4.2.3"
	CompilerName=""
	CompilerVersion=""
	OSName="Windows"
	Hostname="LAPTOP-JUKI8L9B"
	OSRelease="10.0.26200"
	OSVersion="Windows 10"
	OSPlatform="AMD64"
	Is64Bits="1"
	VendorString="AuthenticAMD"
	VendorID="Advanced Micro Devices"
	FamilyID="15"
	ModelID="0"
	ModelName="AMD Ryzen 7 4800H with Radeon Graphics"
	ProcessorCacheSize="64"
	NumberOfLogicalCPU="16"
	NumberOfPhysicalCPU="8"
	TotalVirtualMemory="15198"
	TotalPhysicalMemory="7599"
	LogicalProcessorsPerPhysical="2"
	ProcessorClockFrequency="2901"
	>
	<Testing>
		<StartDateTime>Jan 31 14:22 India Standard Time</StartDateTime>
		<StartTestTime>1769849532</StartTestTime>
		<TestList/>
		<EndDateTime>Jan 31 14:22 India Standard Time</EndDateTime>
		<EndTestTime>1769849532</EndTestTime>
		<ElapsedMinutes>0</ElapsedMinutes>
	</Testing>
</Site>
